0x1 (POWERON_RESET),boot:0x17 (SPI_FAST_FLASH_BOOT)
configsip: 0, SPIWP:0xee
clk_drv:0x00,q_drv:0x00,d_drv:0x00,cs0_drv:0x00,hd_drv:0x00,wp_drv:0x00
mode:DIO, clock div:2
load:0x3fff0030,len:1184
load:0x40078000,len:13232
load:0x40080400,len:3028
entry 0x400805e4

🤖 SMART HOME EMBEDDED SYSTEM
📅 Phase: Week 1 - Unit Testing
🎯 Goal: Verify all hardware modules

🧪 === TESTING DS18B20 ===
DS18B20: Found 1 devices
✅ DS18B20: INIT SUCCESS
📡 Found 1 devices
✅ Reading 1: 29.69 °C
✅ Reading 2: 29.62 °C
✅ Reading 3: 29.62 °C
✅ Reading 4: 29.62 °C
✅ Reading 5: 29.69 °C
